<?xml version="1.0" encoding="UTF-8"?>
<robot generator="Robot 4.1.3 (Python 3.10.5 on win32)" generated="20220616 21:17:01.174" rpa="false" schemaversion="2">
<suite id="s1" name="Checkbox" source="D:\DemoRobotRF\checkbox.robot">
<test id="s1-t1" name="I click &quot;Notes&quot; in checkbox">
<kw name="Open Browser" library="SeleniumLibrary" type="SETUP">
<arg>${base_url}</arg>
<arg>${browser_type}</arg>
<doc>Opens a new browser instance to the optional ``url``.</doc>
<msg timestamp="20220616 21:17:01.667" level="INFO">Opening browser 'Chrome' to base url 'https://demoqa.com/checkbox'.</msg>
<status status="PASS" starttime="20220616 21:17:01.666" endtime="20220616 21:17:09.958"/>
</kw>
<kw name="Maximize Browser Window" library="SeleniumLibrary">
<doc>Maximizes current browser window.</doc>
<status status="PASS" starttime="20220616 21:17:09.963" endtime="20220616 21:17:10.200"/>
</kw>
<kw name="Click Element" library="SeleniumLibrary">
<arg>(//button[@aria-label="Toggle"])[1]</arg>
<doc>Click the element identified by ``locator``.</doc>
<msg timestamp="20220616 21:17:10.214" level="INFO">Clicking element '(//button[@aria-label="Toggle"])[1]'.</msg>
<status status="PASS" starttime="20220616 21:17:10.212" endtime="20220616 21:17:10.429"/>
</kw>
<kw name="Click Element" library="SeleniumLibrary">
<arg>(//button[@aria-label="Toggle"])[2]</arg>
<doc>Click the element identified by ``locator``.</doc>
<msg timestamp="20220616 21:17:10.431" level="INFO">Clicking element '(//button[@aria-label="Toggle"])[2]'.</msg>
<status status="PASS" starttime="20220616 21:17:10.430" endtime="20220616 21:17:10.546"/>
</kw>
<kw name="Click Element" library="SeleniumLibrary">
<arg>//label[@for="tree-node-notes"]</arg>
<doc>Click the element identified by ``locator``.</doc>
<msg timestamp="20220616 21:17:10.549" level="INFO">Clicking element '//label[@for="tree-node-notes"]'.</msg>
<status status="PASS" starttime="20220616 21:17:10.548" endtime="20220616 21:17:10.665"/>
</kw>
<kw name="Element Should Be Visible" library="SeleniumLibrary">
<arg>//div[@id="result"]</arg>
<doc>Verifies that the element identified by ``locator`` is visible.</doc>
<msg timestamp="20220616 21:17:10.735" level="INFO">Element '//div[@id="result"]' is displayed.</msg>
<status status="PASS" starttime="20220616 21:17:10.666" endtime="20220616 21:17:10.735"/>
</kw>
<kw name="Element Should Contain" library="SeleniumLibrary">
<arg>//span[@class="text-success"]</arg>
<arg>notes</arg>
<doc>Verifies that element ``locator`` contains text ``expected``.</doc>
<msg timestamp="20220616 21:17:10.791" level="INFO">Element '//span[@class="text-success"]' contains text 'notes'.</msg>
<status status="PASS" starttime="20220616 21:17:10.736" endtime="20220616 21:17:10.791"/>
</kw>
<kw name="Close Browser" library="SeleniumLibrary" type="TEARDOWN">
<doc>Closes the current browser.</doc>
<status status="PASS" starttime="20220616 21:17:10.794" endtime="20220616 21:17:13.565"/>
</kw>
<status status="PASS" starttime="20220616 21:17:01.665" endtime="20220616 21:17:13.565"/>
</test>
<status status="PASS" starttime="20220616 21:17:01.181" endtime="20220616 21:17:13.570"/>
</suite>
<statistics>
<total>
<stat pass="1" fail="0" skip="0">All Tests</stat>
</total>
<tag>
</tag>
<suite>
<stat pass="1" fail="0" skip="0" id="s1" name="Checkbox">Checkbox</stat>
</suite>
</statistics>
<errors>
</errors>
</robot>
